Determining if the pthread_create exist failed with the following output:
Change Dir: /home/louis/CLionProjects/demoV2/CMakeFiles/CMakeTmp

Run Build Command(s):/usr/bin/make cmTC_9ded5/fast 
/usr/bin/make -f CMakeFiles/cmTC_9ded5.dir/build.make CMakeFiles/cmTC_9ded5.dir/build
make[1]: Entering directory '/home/louis/CLionProjects/demoV2/CMakeFiles/CMakeTmp'
Building C object CMakeFiles/cmTC_9ded5.dir/CheckSymbolExists.c.o
/usr/bin/cc    -o CMakeFiles/cmTC_9ded5.dir/CheckSymbolExists.c.o   -c /home/louis/CLionProjects/demoV2/CMakeFiles/CMakeTmp/CheckSymbolExists.c
Linking C executable cmTC_9ded5
/home/louis/clion-2019.1.2/bin/cmake/linux/bin/cmake -E cmake_link_script CMakeFiles/cmTC_9ded5.dir/link.txt --verbose=1
/usr/bin/cc      CMakeFiles/cmTC_9ded5.dir/CheckSymbolExists.c.o  -o cmTC_9ded5 
CMakeFiles/cmTC_9ded5.dir/CheckSymbolExists.c.o: In function `main':
CheckSymbolExists.c:(.text+0x1b): undefined reference to `pthread_create'
collect2: error: ld returned 1 exit status
CMakeFiles/cmTC_9ded5.dir/build.make:86: recipe for target 'cmTC_9ded5' failed
make[1]: *** [cmTC_9ded5] Error 1
make[1]: Leaving directory '/home/louis/CLionProjects/demoV2/CMakeFiles/CMakeTmp'
Makefile:121: recipe for target 'cmTC_9ded5/fast' failed
make: *** [cmTC_9ded5/fast] Error 2

File /home/louis/CLionProjects/demoV2/CMakeFiles/CMakeTmp/CheckSymbolExists.c:
/* */
#include <pthread.h>

int main(int argc, char** argv)
{
  (void)argv;
#ifndef pthread_create
  return ((int*)(&pthread_create))[argc];
#else
  (void)argc;
  return 0;
#endif
}

Determining if the function pthread_create exists in the pthreads failed with the following output:
Change Dir: /home/louis/CLionProjects/demoV2/CMakeFiles/CMakeTmp

Run Build Command(s):/usr/bin/make cmTC_9298c/fast 
/usr/bin/make -f CMakeFiles/cmTC_9298c.dir/build.make CMakeFiles/cmTC_9298c.dir/build
make[1]: Entering directory '/home/louis/CLionProjects/demoV2/CMakeFiles/CMakeTmp'
Building C object CMakeFiles/cmTC_9298c.dir/CheckFunctionExists.c.o
/usr/bin/cc   -DCHECK_FUNCTION_EXISTS=pthread_create   -o CMakeFiles/cmTC_9298c.dir/CheckFunctionExists.c.o   -c /home/louis/clion-2019.1.2/bin/cmake/linux/share/cmake-3.14/Modules/CheckFunctionExists.c
Linking C executable cmTC_9298c
/home/louis/clion-2019.1.2/bin/cmake/linux/bin/cmake -E cmake_link_script CMakeFiles/cmTC_9298c.dir/link.txt --verbose=1
/usr/bin/cc  -DCHECK_FUNCTION_EXISTS=pthread_create    CMakeFiles/cmTC_9298c.dir/CheckFunctionExists.c.o  -o cmTC_9298c -lpthreads 
/usr/bin/ld: cannot find -lpthreads
collect2: error: ld returned 1 exit status
CMakeFiles/cmTC_9298c.dir/build.make:86: recipe for target 'cmTC_9298c' failed
make[1]: *** [cmTC_9298c] Error 1
make[1]: Leaving directory '/home/louis/CLionProjects/demoV2/CMakeFiles/CMakeTmp'
Makefile:121: recipe for target 'cmTC_9298c/fast' failed
make: *** [cmTC_9298c/fast] Error 2


